<?xml version="1.0" encoding="UTF-8"?>
<!-- Generated by org.testng.reporters.JUnitReportReporter -->
<testsuite hostname="DESKTOP-5JFS7KH" failures="0" tests="2" name="com.ujianmingguan.main.PT26.TestRunner" time="60.403" errors="0" timestamp="2022-08-30T22:08:31 WIB" skipped="0">
  <testcase classname="com.ujianmingguan.main.PT26.TestRunner" name="runScenario" time="47.340"/>
  <system-out/>
  <testcase classname="com.ujianmingguan.main.PT26.TestRunner" name="runScenario" time="13.063"/>
  <system-out/>
</testsuite> <!-- com.ujianmingguan.main.PT26.TestRunner -->
