<?xml version="1.0" encoding="UTF-8"?>
<!-- Generated by org.testng.reporters.JUnitReportReporter -->
<testsuite hostname="DESKTOP-5JFS7KH" failures="0" tests="2" name="com.ujianmingguan.main.PT25.TestRunner" time="65.780" errors="0" timestamp="2022-08-30T01:03:04 WIB" skipped="0">
  <testcase classname="com.ujianmingguan.main.PT25.TestRunner" name="runScenario" time="51.657"/>
  <system-out/>
  <testcase classname="com.ujianmingguan.main.PT25.TestRunner" name="runScenario" time="14.123"/>
  <system-out/>
</testsuite> <!-- com.ujianmingguan.main.PT25.TestRunner -->
