<?xml version="1.0" encoding="UTF-8"?>
<!-- Generated by org.testng.reporters.JUnitReportReporter -->
<testsuite hostname="DESKTOP-5JFS7KH" failures="0" tests="3" name="com.ujianmingguan.main.TestUjianMingguKe4" time="68.639" errors="0" timestamp="2022-08-20T02:41:48 WIB" skipped="0">
  <testcase classname="com.ujianmingguan.main.TestUjianMingguKe4" name="TestRegistrasiDanLogin" time="14.752"/>
  <system-out/>
  <testcase classname="com.ujianmingguan.main.TestUjianMingguKe4" name="TestPembelianDanCompare" time="43.503"/>
  <system-out/>
  <testcase classname="com.ujianmingguan.main.TestUjianMingguKe4" name="TestIdentitasUserDanCheckOut" time="10.384"/>
  <system-out/>
</testsuite> <!-- com.ujianmingguan.main.TestUjianMingguKe4 -->
