<?xml version="1.0" encoding="UTF-8"?>
<!-- Generated by org.testng.reporters.JUnitReportReporter -->
<testsuite hostname="DESKTOP-5JFS7KH" failures="0" tests="2" name="com.ujianmingguan.main.TestRunnerMingguKe5" time="86.574" errors="0" timestamp="2022-08-27T02:31:18 WIB" skipped="0">
  <testcase classname="com.ujianmingguan.main.TestRunnerMingguKe5" name="runScenario" time="14.345"/>
  <system-out/>
  <testcase classname="com.ujianmingguan.main.TestRunnerMingguKe5" name="runScenario" time="72.229"/>
  <system-out/>
</testsuite> <!-- com.ujianmingguan.main.TestRunnerMingguKe5 -->
